<?xml version="1.0" encoding="UTF-8"?>
<coverage generated="1657623774635" clover="3.2.0">
  <project timestamp="1657623774635" name="All files">
    <metrics statements="10" coveredstatements="9" conditionals="0" coveredconditionals="0" methods="3" coveredmethods="2" elements="13" coveredelements="11" complexity="0" loc="10" ncloc="10" packages="1" files="2" classes="2"/>
    <file name="cloneArray.js" path="/Users/rohangore/Documents/jest-testing/cloneArray.js">
      <metrics statements="5" coveredstatements="4" conditionals="0" coveredconditionals="0" methods="2" coveredmethods="1"/>
      <line num="1" count="1" type="stmt"/>
      <line num="2" count="2" type="stmt"/>
      <line num="5" count="1" type="stmt"/>
      <line num="6" count="0" type="stmt"/>
      <line num="9" count="1" type="stmt"/>
    </file>
    <file name="sum.js" path="/Users/rohangore/Documents/jest-testing/sum.js">
      <metrics statements="5" coveredstatements="5" conditionals="0" coveredconditionals="0" methods="1" coveredmethods="1"/>
      <line num="1" count="1" type="stmt"/>
      <line num="2" count="2" type="stmt"/>
      <line num="5" count="1" type="stmt"/>
      <line num="6" count="1" type="stmt"/>
      <line num="9" count="1" type="stmt"/>
    </file>
  </project>
</coverage>
